[debug] [2022-03-30T00:58:00.458Z] ----------------------------------------------------------------------
[debug] [2022-03-30T00:58:00.459Z] Command:       /Users/lowy/.nvm/versions/node/v16.13.1/bin/node /Users/lowy/.nvm/versions/node/v16.13.1/bin/firebase emulators:start --only database
[debug] [2022-03-30T00:58:00.462Z] CLI Version:   10.5.0
[debug] [2022-03-30T00:58:00.462Z] Platform:      darwin
[debug] [2022-03-30T00:58:00.462Z] Node Version:  v16.13.1
[debug] [2022-03-30T00:58:00.463Z] Time:          Tue Mar 29 2022 21:58:00 GMT-0300 (Argentina Standard Time)
[debug] [2022-03-30T00:58:00.463Z] ----------------------------------------------------------------------
[debug] 
[debug] [2022-03-30T00:58:00.528Z] > command requires scopes: ["email","openid","https://www.googleapis.com/auth/cloudplatformprojects.readonly","https://www.googleapis.com/auth/firebase","https://www.googleapis.com/auth/cloud-platform"]
[debug] [2022-03-30T00:58:00.529Z] > authorizing via signed-in user (martin.loguancio@gmail.com)
[debug] [2022-03-30T00:58:00.599Z] openjdk version "14.0.1" 2020-04-14
OpenJDK Runtime Environment (build 14.0.1+7)

[debug] [2022-03-30T00:58:00.600Z] OpenJDK 64-Bit Server VM (build 14.0.1+7, mixed mode, sharing)

[debug] [2022-03-30T00:58:00.603Z] Parsed Java major version: 14
[info] i  emulators: Starting emulators: database {"metadata":{"emulator":{"name":"hub"},"message":"Starting emulators: database"}}
[debug] [2022-03-30T00:58:00.614Z] [hub] writing locator at /var/folders/2n/f26qvvnx1w173gbwd6yg0w340000gn/T/hub-mclovin-clothes.json
[debug] [2022-03-30T00:58:00.622Z] >>> [apiv2][query] GET https://firebase.googleapis.com/v1beta1/projects/mclovin-clothes [none]
[debug] [2022-03-30T00:58:01.725Z] <<< [apiv2][status] GET https://firebase.googleapis.com/v1beta1/projects/mclovin-clothes 200
[debug] [2022-03-30T00:58:01.725Z] <<< [apiv2][body] GET https://firebase.googleapis.com/v1beta1/projects/mclovin-clothes {"projectId":"mclovin-clothes","projectNumber":"496149582953","displayName":"mclovin-clothes","name":"projects/mclovin-clothes","resources":{"hostingSite":"mclovin-clothes","realtimeDatabaseInstance":"mclovin-clothes-default-rtdb","storageBucket":"mclovin-clothes.appspot.com","locationId":"southamerica-east1"},"state":"ACTIVE"}
[debug] [2022-03-30T00:58:01.726Z] database rules config:  [{"instance":"mclovin-clothes-default-rtdb","rules":"/Users/lowy/Projects/mclovin/mclovin-clothes/database.rules.json"}]
[debug] [2022-03-30T00:58:01.728Z] Ignoring unsupported arg: projectId {"metadata":{"emulator":{"name":"database"},"message":"Ignoring unsupported arg: projectId"}}
[debug] [2022-03-30T00:58:01.729Z] Ignoring unsupported arg: auto_download {"metadata":{"emulator":{"name":"database"},"message":"Ignoring unsupported arg: auto_download"}}
[debug] [2022-03-30T00:58:01.729Z] Ignoring unsupported arg: rules {"metadata":{"emulator":{"name":"database"},"message":"Ignoring unsupported arg: rules"}}
[debug] [2022-03-30T00:58:01.729Z] Starting Database Emulator with command {"binary":"java","args":["-Duser.language=en","-jar","/Users/lowy/.cache/firebase/emulators/firebase-database-emulator-v4.7.3.jar","--host","localhost","--port",9000],"optionalArgs":["port","host","functions_emulator_port","functions_emulator_host"],"joinArgs":false} {"metadata":{"emulator":{"name":"database"},"message":"Starting Database Emulator with command {\"binary\":\"java\",\"args\":[\"-Duser.language=en\",\"-jar\",\"/Users/lowy/.cache/firebase/emulators/firebase-database-emulator-v4.7.3.jar\",\"--host\",\"localhost\",\"--port\",9000],\"optionalArgs\":[\"port\",\"host\",\"functions_emulator_port\",\"functions_emulator_host\"],\"joinArgs\":false}"}}
[info] i  database: Database Emulator logging to database-debug.log {"metadata":{"emulator":{"name":"database"},"message":"Database Emulator logging to \u001b[1mdatabase-debug.log\u001b[22m"}}
[debug] [2022-03-30T00:58:02.150Z] WARNING: An illegal reflective access operation has occurred
WARNING: Illegal reflective access by io.netty.util.internal.ReflectionUtil (file:/Users/lowy/.cache/firebase/emulators/firebase-database-emulator-v4.7.3.jar) to field sun.nio.ch.SelectorImpl.selectedKeys
WARNING: Please consider reporting this to the maintainers of io.netty.util.internal.ReflectionUtil
WARNING: Use --illegal-access=warn to enable warnings of further illegal reflective access operations
WARNING: All illegal access operations will be denied in a future release
 {"metadata":{"emulator":{"name":"database"},"message":"WARNING: An illegal reflective access operation has occurred\nWARNING: Illegal reflective access by io.netty.util.internal.ReflectionUtil (file:/Users/lowy/.cache/firebase/emulators/firebase-database-emulator-v4.7.3.jar) to field sun.nio.ch.SelectorImpl.selectedKeys\nWARNING: Please consider reporting this to the maintainers of io.netty.util.internal.ReflectionUtil\nWARNING: Use --illegal-access=warn to enable warnings of further illegal reflective access operations\nWARNING: All illegal access operations will be denied in a future release\n"}}
[debug] [2022-03-30T00:58:02.629Z] 21:58:02.628 [NamespaceSystem-akka.actor.default-dispatcher-4] INFO akka.event.slf4j.Slf4jLogger - Slf4jLogger started
 {"metadata":{"emulator":{"name":"database"},"message":"21:58:02.628 [NamespaceSystem-akka.actor.default-dispatcher-4] INFO akka.event.slf4j.Slf4jLogger - Slf4jLogger started\n"}}
[debug] [2022-03-30T00:58:02.745Z] 21:58:02.744 [main] INFO com.firebase.server.forge.App$ - Listening at localhost:9000
 {"metadata":{"emulator":{"name":"database"},"message":"21:58:02.744 [main] INFO com.firebase.server.forge.App$ - Listening at localhost:9000\n"}}
[info] i  ui: downloading ui-v1.6.5.zip... {"metadata":{"emulator":{"name":"ui"},"message":"downloading ui-v1.6.5.zip..."}}
[debug] [2022-03-30T00:58:03.009Z] >>> [apiv2][query] GET https://storage.googleapis.com/firebase-preview-drop/emulator/ui-v1.6.5.zip 
[debug] [2022-03-30T00:58:03.118Z] <<< [apiv2][status] GET https://storage.googleapis.com/firebase-preview-drop/emulator/ui-v1.6.5.zip 200
[debug] [2022-03-30T00:58:03.118Z] <<< [apiv2][body] GET https://storage.googleapis.com/firebase-preview-drop/emulator/ui-v1.6.5.zip [stream]
[debug] [2022-03-30T00:58:03.878Z] Ignoring unsupported arg: auto_download {"metadata":{"emulator":{"name":"ui"},"message":"Ignoring unsupported arg: auto_download"}}
[debug] [2022-03-30T00:58:03.878Z] Ignoring unsupported arg: port {"metadata":{"emulator":{"name":"ui"},"message":"Ignoring unsupported arg: port"}}
[debug] [2022-03-30T00:58:03.878Z] Starting Emulator UI with command {"binary":"node","args":["/Users/lowy/.cache/firebase/emulators/ui-v1.6.5/server.bundle.js"],"optionalArgs":[],"joinArgs":false} {"metadata":{"emulator":{"name":"ui"},"message":"Starting Emulator UI with command {\"binary\":\"node\",\"args\":[\"/Users/lowy/.cache/firebase/emulators/ui-v1.6.5/server.bundle.js\"],\"optionalArgs\":[],\"joinArgs\":false}"}}
[info] i  ui: Emulator UI logging to ui-debug.log {"metadata":{"emulator":{"name":"ui"},"message":"Emulator UI logging to \u001b[1mui-debug.log\u001b[22m"}}
[debug] [2022-03-30T00:58:03.977Z] Web / API server started at localhost:4000
 {"metadata":{"emulator":{"name":"ui"},"message":"Web / API server started at localhost:4000\n"}}
[debug] [2022-03-30T00:58:04.142Z] >>> HTTP REQUEST PUT http://localhost:9000/.settings/rules.json?ns=mclovin-clothes-default-rtdb  
 {
  "rules": {
    ".read": "auth.uid != null",
    ".write": "auth.uid != null"
  }
}

[debug] [2022-03-30T00:58:04.403Z] <<< HTTP RESPONSE 200 {"content-length":"15","content-type":"application/json; charset=utf-8","access-control-allow-origin":"*","cache-control":"no-cache","x-firebase-project-id":"mclovin-clothes-default-rtdb","x-firebase-project-number":"123456789","x-firebase-uuid":"264c9071-a5fb-41e5-907d-29d9d67812d6"}
[info] 
┌─────────────────────────────────────────────────────────────┐
│ ✔  All emulators ready! It is now safe to connect your app. │
│ i  View Emulator UI at http://localhost:4000                │
└─────────────────────────────────────────────────────────────┘

┌──────────┬────────────────┬────────────────────────────────┐
│ Emulator │ Host:Port      │ View in Emulator UI            │
├──────────┼────────────────┼────────────────────────────────┤
│ Database │ localhost:9000 │ http://localhost:4000/database │
└──────────┴────────────────┴────────────────────────────────┘
  Emulator Hub running at localhost:4400
  Other reserved ports: 4500

Issues? Report them at https://github.com/firebase/firebase-tools/issues and attach the *-debug.log files.
 
